<?xml version="1.0" encoding="UTF-8"?>
<testsuite xmlns:xsi="http://www.w3.org/2001/XMLSchema-instance" xsi:noNamespaceSchemaLocation="https://maven.apache.org/surefire/maven-surefire-plugin/xsd/surefire-test-report.xsd" name="examples.ConduitTest" time="7.825" tests="2" errors="0" skipped="0" failures="2">
  <properties>
[...]
</properties>
  <testcase name="testAll[1][1]" classname="examples.ConduitTest" time="3.188">
    <failure message="js failed:&#10;&gt;&gt;&gt;&gt;&#10;01: read(&apos;classpath:conduitApp/json/newArticle.json&apos;)&#10;&lt;&lt;&lt;&lt;&#10;org.graalvm.polyglot.PolyglotException: not found: conduitApp/json/newArticle.json&#10;- com.intuit.karate.resource.ResourceUtils.getResource(ResourceUtils.java:126)&#10;- com.intuit.karate.core.ScenarioFileReader.toResource(ScenarioFileReader.java:129)&#10;- com.intuit.karate.core.ScenarioFileReader.readFileAsStream(ScenarioFileReader.java:99)&#10;- com.intuit.karate.core.ScenarioFileReader.readFileAsString(ScenarioFileReader.java:95)&#10;- com.intuit.karate.core.ScenarioFileReader.readFile(ScenarioFileReader.java:54)&#10;- com.intuit.karate.core.ScenarioEngine.lambda$new$0(ScenarioEngine.java:120)&#10;- &lt;js&gt;.:program(Unnamed:1)&#10;&#10;classpath:examples/conduitApp/feature/Articles.feature:11" type="org.opentest4j.AssertionFailedError"><![CDATA[org.opentest4j.AssertionFailedError: 
js failed:
>>>>
01: read('classpath:conduitApp/json/newArticle.json')
<<<<
org.graalvm.polyglot.PolyglotException: not found: conduitApp/json/newArticle.json
- com.intuit.karate.resource.ResourceUtils.getResource(ResourceUtils.java:126)
- com.intuit.karate.core.ScenarioFileReader.toResource(ScenarioFileReader.java:129)
- com.intuit.karate.core.ScenarioFileReader.readFileAsStream(ScenarioFileReader.java:99)
- com.intuit.karate.core.ScenarioFileReader.readFileAsString(ScenarioFileReader.java:95)
- com.intuit.karate.core.ScenarioFileReader.readFile(ScenarioFileReader.java:54)
- com.intuit.karate.core.ScenarioEngine.lambda$new$0(ScenarioEngine.java:120)
- <js>.:program(Unnamed:1)

classpath:examples/conduitApp/feature/Articles.feature:11
]]></failure>
    <system-out><![CDATA[13:55:04.430 [main] INFO  com.intuit.karate.Runner - using system property 'karate.options': --tags @debug
13:55:04.600 [main] INFO  com.intuit.karate.Runner - using system property 'karate.env': dev
13:55:05.135 [main] DEBUG com.intuit.karate.Suite - [config] classpath:karate-config.js
13:55:06.722 [main] INFO  com.intuit.karate - karate.env system property was: dev 
13:55:06.753 [main] INFO  com.intuit.karate - >> lock acquired, begin callSingle: classpath:helpers/CreateToken.feature
13:55:07.821 [main] DEBUG com.intuit.karate - request:
1 > POST https://api.realworld.io/api/users/login
1 > Content-Type: application/json; charset=UTF-8
1 > Content-Length: 60
1 > Host: api.realworld.io
1 > Connection: Keep-Alive
1 > User-Agent: Apache-HttpClient/4.5.13 (Java/1.8.0_301)
1 > Accept-Encoding: gzip,deflate
{"user":{"email":"xavier@hola.com","password":"Xavier3012"}}

13:55:08.592 [main] DEBUG com.intuit.karate - response time in milliseconds: 770
1 < 200
1 < Date: Thu, 06 Apr 2023 18:55:09 GMT
1 < Content-Type: application/json; charset=utf-8
1 < Transfer-Encoding: chunked
1 < Connection: keep-alive
1 < X-Powered-By: Express
1 < Access-Control-Allow-Origin: *
1 < Etag: W/"151-/v/NxBQz5u+UFRsBx+OcAEOv1+A"
1 < Via: 1.1 vegur
1 < CF-Cache-Status: DYNAMIC
1 < Report-To: {"endpoints":[{"url":"https:\/\/a.nel.cloudflare.com\/report\/v3?s=C6DWeYC6lE4myvHqCUNNmRiT6FdTXjWLRffXClWSQz5gaNJ3Co9ZRTrCtH5u8XaXwlhDVSRgqtTHJi1i3gWgzGFy%2FPs0FysnfsEAoWbaZpS%2BKm2sm6Dn1DJ6fgxjIJSDffn9"}],"group":"cf-nel","max_age":604800}
1 < NEL: {"success_fraction":0,"report_to":"cf-nel","max_age":604800}
1 < Server: cloudflare
1 < CF-RAY: 7b3c3e508e01226f-MIA
1 < alt-svc: h3=":443"; ma=86400, h3-29=":443"; ma=86400
{"user":{"email":"xavier@hola.com","username":"Karate0306","bio":null,"image":"https://api.realworld.io/images/smiley-cyrus.jpeg","token":"eyJhbGciOiJIUzI1NiIsInR5cCI6IkpXVCJ9.eyJlbWFpbCI6InhhdmllckBob2xhLmNvbSIsInVzZXJuYW1lIjoiS2FyYXRlMDMwNiIsImlhdCI6MTY4MDgwNzMwOSwiZXhwIjoxNjg1OTkxMzA5fQ.o9hD4D1Hu5py1O6idXPcQ6TAIleQ0msUUIZf8BNbArc"}}

13:55:08.603 [main] INFO  com.intuit.karate - << lock released, cached callSingle: classpath:helpers/CreateToken.feature
13:55:08.652 [main] ERROR com.intuit.karate - classpath:examples/conduitApp/feature/Articles.feature:11
* def articleBodyRequest = call read('classpath:conduitApp/json/newArticle.json')
js failed:
>>>>
01: read('classpath:conduitApp/json/newArticle.json')
<<<<
org.graalvm.polyglot.PolyglotException: not found: conduitApp/json/newArticle.json
- com.intuit.karate.resource.ResourceUtils.getResource(ResourceUtils.java:126)
- com.intuit.karate.core.ScenarioFileReader.toResource(ScenarioFileReader.java:129)
- com.intuit.karate.core.ScenarioFileReader.readFileAsStream(ScenarioFileReader.java:99)
- com.intuit.karate.core.ScenarioFileReader.readFileAsString(ScenarioFileReader.java:95)
- com.intuit.karate.core.ScenarioFileReader.readFile(ScenarioFileReader.java:54)
- com.intuit.karate.core.ScenarioEngine.lambda$new$0(ScenarioEngine.java:120)
- <js>.:program(Unnamed:1)

classpath:examples/conduitApp/feature/Articles.feature:11
---------------------------------------------------------
feature: classpath:examples/conduitApp/feature/Articles.feature
scenarios:  1 | passed:  0 | failed:  1 | time: 0,0397
---------------------------------------------------------

]]></system-out>
  </testcase>
  <testcase name="testTags[1][1]" classname="examples.ConduitTest" time="1.007">
    <failure message="js failed:&#10;&gt;&gt;&gt;&gt;&#10;01: read(&apos;classpath:conduitApp/json/newArticle.json&apos;)&#10;&lt;&lt;&lt;&lt;&#10;org.graalvm.polyglot.PolyglotException: not found: conduitApp/json/newArticle.json&#10;- com.intuit.karate.resource.ResourceUtils.getResource(ResourceUtils.java:126)&#10;- com.intuit.karate.core.ScenarioFileReader.toResource(ScenarioFileReader.java:129)&#10;- com.intuit.karate.core.ScenarioFileReader.readFileAsStream(ScenarioFileReader.java:99)&#10;- com.intuit.karate.core.ScenarioFileReader.readFileAsString(ScenarioFileReader.java:95)&#10;- com.intuit.karate.core.ScenarioFileReader.readFile(ScenarioFileReader.java:54)&#10;- com.intuit.karate.core.ScenarioEngine.lambda$new$0(ScenarioEngine.java:120)&#10;- &lt;js&gt;.:program(Unnamed:1)&#10;&#10;classpath:examples/conduitApp/feature/Articles.feature:11" type="org.opentest4j.AssertionFailedError"><![CDATA[org.opentest4j.AssertionFailedError: 
js failed:
>>>>
01: read('classpath:conduitApp/json/newArticle.json')
<<<<
org.graalvm.polyglot.PolyglotException: not found: conduitApp/json/newArticle.json
- com.intuit.karate.resource.ResourceUtils.getResource(ResourceUtils.java:126)
- com.intuit.karate.core.ScenarioFileReader.toResource(ScenarioFileReader.java:129)
- com.intuit.karate.core.ScenarioFileReader.readFileAsStream(ScenarioFileReader.java:99)
- com.intuit.karate.core.ScenarioFileReader.readFileAsString(ScenarioFileReader.java:95)
- com.intuit.karate.core.ScenarioFileReader.readFile(ScenarioFileReader.java:54)
- com.intuit.karate.core.ScenarioEngine.lambda$new$0(ScenarioEngine.java:120)
- <js>.:program(Unnamed:1)

classpath:examples/conduitApp/feature/Articles.feature:11
]]></failure>
    <system-out><![CDATA[13:55:09.819 [main] INFO  com.intuit.karate.Runner - using system property 'karate.options': --tags @debug
13:55:09.838 [main] INFO  com.intuit.karate.Runner - using system property 'karate.env': dev
13:55:10.467 [main] DEBUG com.intuit.karate.Suite - [config] classpath:karate-config.js
13:55:10.491 [main] INFO  com.intuit.karate - karate.env system property was: dev 
13:55:10.492 [main] INFO  com.intuit.karate - >> lock acquired, begin callSingle: classpath:helpers/CreateToken.feature
13:55:10.544 [main] DEBUG com.intuit.karate - request:
1 > POST https://api.realworld.io/api/users/login
1 > Content-Type: application/json; charset=UTF-8
1 > Content-Length: 60
1 > Host: api.realworld.io
1 > Connection: Keep-Alive
1 > User-Agent: Apache-HttpClient/4.5.13 (Java/1.8.0_301)
1 > Accept-Encoding: gzip,deflate
{"user":{"email":"xavier@hola.com","password":"Xavier3012"}}

13:55:11.122 [main] DEBUG com.intuit.karate - response time in milliseconds: 577
1 < 200
1 < Date: Thu, 06 Apr 2023 18:55:11 GMT
1 < Content-Type: application/json; charset=utf-8
1 < Transfer-Encoding: chunked
1 < Connection: keep-alive
1 < X-Powered-By: Express
1 < Access-Control-Allow-Origin: *
1 < Etag: W/"151-F1SAI2rO50zLiq/B5d0j0PUM7pg"
1 < Via: 1.1 vegur
1 < CF-Cache-Status: DYNAMIC
1 < Report-To: {"endpoints":[{"url":"https:\/\/a.nel.cloudflare.com\/report\/v3?s=cj5d8Mmo3dKY3ROayDzvBVlTo3VsgDCfzKvWJdzpMI3Fi1pmTr%2FHxhth%2FAUpBDvNTmyuuuFq83tJbK0FAYEy42Dy3qsCPsZKb4fhfVrZP40yWBdsabb6W6901fCCM%2BmJ0MMT"}],"group":"cf-nel","max_age":604800}
1 < NEL: {"success_fraction":0,"report_to":"cf-nel","max_age":604800}
1 < Server: cloudflare
1 < CF-RAY: 7b3c3e606b483708-MIA
1 < alt-svc: h3=":443"; ma=86400, h3-29=":443"; ma=86400
{"user":{"email":"xavier@hola.com","username":"Karate0306","bio":null,"image":"https://api.realworld.io/images/smiley-cyrus.jpeg","token":"eyJhbGciOiJIUzI1NiIsInR5cCI6IkpXVCJ9.eyJlbWFpbCI6InhhdmllckBob2xhLmNvbSIsInVzZXJuYW1lIjoiS2FyYXRlMDMwNiIsImlhdCI6MTY4MDgwNzMxMSwiZXhwIjoxNjg1OTkxMzExfQ.2IxnVrvM-GTca7QrMKKMxYtciLzv8vSw2iKDwnlnbZ8"}}

13:55:11.125 [main] INFO  com.intuit.karate - << lock released, cached callSingle: classpath:helpers/CreateToken.feature
13:55:11.129 [main] ERROR com.intuit.karate - classpath:examples/conduitApp/feature/Articles.feature:11
* def articleBodyRequest = call read('classpath:conduitApp/json/newArticle.json')
js failed:
>>>>
01: read('classpath:conduitApp/json/newArticle.json')
<<<<
org.graalvm.polyglot.PolyglotException: not found: conduitApp/json/newArticle.json
- com.intuit.karate.resource.ResourceUtils.getResource(ResourceUtils.java:126)
- com.intuit.karate.core.ScenarioFileReader.toResource(ScenarioFileReader.java:129)
- com.intuit.karate.core.ScenarioFileReader.readFileAsStream(ScenarioFileReader.java:99)
- com.intuit.karate.core.ScenarioFileReader.readFileAsString(ScenarioFileReader.java:95)
- com.intuit.karate.core.ScenarioFileReader.readFile(ScenarioFileReader.java:54)
- com.intuit.karate.core.ScenarioEngine.lambda$new$0(ScenarioEngine.java:120)
- <js>.:program(Unnamed:1)

classpath:examples/conduitApp/feature/Articles.feature:11
---------------------------------------------------------
feature: classpath:examples/conduitApp/feature/Articles.feature
scenarios:  1 | passed:  0 | failed:  1 | time: 0,0021
---------------------------------------------------------

]]></system-out>
  </testcase>
</testsuite>